This file contains any messages produced by compilers while
running configure, to aid debugging if configure makes a mistake.

It was created by HTSlib configure 1.17, which was
generated by GNU Autoconf 2.69.  Invocation command line was

  $ ./configure --disable-lzma --disable-bz2 --disable-libcurl LDFLAGS=-L/Users/ben/quaqc//libs/zlib CPPFLAGS=-I/Users/ben/quaqc//libs/zlib

## --------- ##
## Platform. ##
## --------- ##

hostname = BenM1.local
uname -m = arm64
uname -r = 20.6.0
uname -s = Darwin
uname -v = Darwin Kernel Version 20.6.0: Fri Dec 16 00:34:59 PST 2022; root:xnu-7195.141.49~1/RELEASE_ARM64_T8101

/usr/bin/uname -p = arm
/bin/uname -X     = unknown

/bin/arch              = unknown
/usr/bin/arch -k       = unknown
/usr/convex/getsysinfo = unknown
/usr/bin/hostinfo      = Mach kernel version:
	 Darwin Kernel Version 20.6.0: Fri Dec 16 00:34:59 PST 2022; root:xnu-7195.141.49~1/RELEASE_ARM64_T8101
Kernel configured for up to 8 processors.
8 processors are physically available.
8 processors are logically available.
Processor type: arm64e (ARM64E)
Processors active: 0 1 2 3 4 5 6 7
Primary memory available: 16.00 gigabytes
Default processor set: 381 tasks, 3499 threads, 8 processors
Load average: 2.36, Mach factor: 5.99
/bin/machine           = unknown
/usr/bin/oslevel       = unknown
/bin/universe          = unknown

PATH: /Users/ben/google-cloud-sdk/bin
PATH: /opt/homebrew/bin
PATH: /opt/homebrew/sbin
PATH: /usr/local/bin
PATH: /usr/bin
PATH: /bin
PATH: /usr/sbin
PATH: /sbin
PATH: /Library/TeX/texbin
PATH: /opt/X11/bin
PATH: /Library/Apple/usr/bin
PATH: /Users/ben/google-cloud-sdk/bin
PATH: /opt/homebrew/bin
PATH: /opt/homebrew/sbin
PATH: /Users/ben/homer/bin
PATH: /Users/ben/Genrich/
PATH: /Users/ben/perl5/bin
PATH: /Users/ben/bowtie
PATH: /Users/ben/idr-2.0.2/bin
PATH: /Users/ben/ShortStack
PATH: /Users/ben/stringtie-2.1.6
PATH: /Users/ben/cufflinks
PATH: /Users/ben/gffread
PATH: /Users/ben/gffcompare
PATH: /Users/ben/.local/bin
PATH: /Users/ben/STAR-2.7.9a/bin/MacOSX_x86_64/
PATH: /Users/ben/Library/Python/3.9/bin/
PATH: /Users/ben/bowtie2/
PATH: /Users/ben/.scripts
PATH: /Users/ben/ucsc-kent/
PATH: /Users/ben/blat/
PATH: /Users/ben/meme/bin
PATH: /Users/ben/meme/libexec/meme-5.4.1/
PATH: /Users/ben/bio-scripts/
PATH: /Users/ben/Bismark-0.23.1/
PATH: /Users/ben/edirect/
PATH: /opt/homebrew/opt/ccache/libexec
PATH: /Users/ben/homer/bin
PATH: /Users/ben/Genrich/
PATH: /Users/ben/perl5/bin
PATH: /Users/ben/bowtie
PATH: /Users/ben/idr-2.0.2/bin
PATH: /Users/ben/ShortStack
PATH: /Users/ben/stringtie-2.1.6
PATH: /Users/ben/cufflinks
PATH: /Users/ben/gffread
PATH: /Users/ben/gffcompare
PATH: /Users/ben/.local/bin
PATH: /Users/ben/STAR-2.7.9a/bin/MacOSX_x86_64/
PATH: /Users/ben/Library/Python/3.9/bin/
PATH: /Users/ben/bowtie2/
PATH: /Users/ben/.scripts
PATH: /Users/ben/ucsc-kent/
PATH: /Users/ben/blat/
PATH: /Users/ben/meme/bin
PATH: /Users/ben/meme/libexec/meme-5.4.1/
PATH: /Users/ben/bio-scripts/
PATH: /Users/ben/Bismark-0.23.1/
PATH: /Users/ben/edirect/
PATH: /opt/homebrew/opt/ccache/libexec


## ----------- ##
## Core tests. ##
## ----------- ##

configure:2279: checking for gcc
configure:2295: found /usr/bin/gcc
configure:2306: result: gcc
configure:2535: checking for C compiler version
configure:2544: gcc --version >&5
Apple clang version 12.0.5 (clang-1205.0.22.11)
Target: arm64-apple-darwin20.6.0
Thread model: posix
InstalledDir: /Library/Developer/CommandLineTools/usr/bin
Configured with: --prefix=/Library/Developer/CommandLineTools/usr --with-gxx-include-dir=/Library/Developer/CommandLineTools/SDKs/MacOSX.sdk/usr/include/c++/4.2.1
configure:2555: $? = 0
configure:2544: gcc -v >&5
Configured with: --prefix=/Library/Developer/CommandLineTools/usr --with-gxx-include-dir=/Library/Developer/CommandLineTools/SDKs/MacOSX.sdk/usr/include/c++/4.2.1
Apple clang version 12.0.5 (clang-1205.0.22.11)
Target: arm64-apple-darwin20.6.0
Thread model: posix
InstalledDir: /Library/Developer/CommandLineTools/usr/bin
configure:2555: $? = 0
configure:2544: gcc -V >&5
clang: error: argument to '-V' is missing (expected 1 value)
clang: error: no input files
configure:2555: $? = 1
configure:2544: gcc -qversion >&5
clang: error: unknown argument '-qversion'; did you mean '--version'?
clang: error: no input files
configure:2555: $? = 1
configure:2575: checking whether the C compiler works
configure:2597: gcc  -I/Users/ben/quaqc//libs/zlib -L/Users/ben/quaqc//libs/zlib conftest.c  >&5
configure:2601: $? = 0
configure:2649: result: yes
configure:2652: checking for C compiler default output file name
configure:2654: result: a.out
configure:2660: checking for suffix of executables
configure:2667: gcc -o conftest  -I/Users/ben/quaqc//libs/zlib -L/Users/ben/quaqc//libs/zlib conftest.c  >&5
configure:2671: $? = 0
configure:2693: result: 
configure:2715: checking whether we are cross compiling
configure:2723: gcc -o conftest  -I/Users/ben/quaqc//libs/zlib -L/Users/ben/quaqc//libs/zlib conftest.c  >&5
configure:2727: $? = 0
configure:2734: ./conftest
configure:2738: $? = 0
configure:2753: result: no
configure:2758: checking for suffix of object files
configure:2780: gcc -c  -I/Users/ben/quaqc//libs/zlib conftest.c >&5
configure:2784: $? = 0
configure:2805: result: o
configure:2809: checking whether we are using the GNU C compiler
configure:2828: gcc -c  -I/Users/ben/quaqc//libs/zlib conftest.c >&5
configure:2828: $? = 0
configure:2837: result: yes
configure:2846: checking whether gcc accepts -g
configure:2866: gcc -c -g -I/Users/ben/quaqc//libs/zlib conftest.c >&5
configure:2866: $? = 0
configure:2907: result: yes
configure:2924: checking for gcc option to accept ISO C89
configure:2987: gcc  -c -g -O3 -I/Users/ben/quaqc//libs/zlib conftest.c >&5
configure:2987: $? = 0
configure:3000: result: none needed
configure:3063: checking for ranlib
configure:3079: found /usr/bin/ranlib
configure:3090: result: ranlib
configure:3113: checking for grep that handles long lines and -e
configure:3171: result: /usr/bin/grep
configure:3196: checking for C compiler warning flags
configure:3309: result: -Wall
configure:3397: checking whether C compiler accepts -mssse3 -mpopcnt -msse4.1
configure:3424: gcc -o conftest  -Wall -g -O3  -mssse3 -mpopcnt -msse4.1 -I/Users/ben/quaqc//libs/zlib -L/Users/ben/quaqc//libs/zlib conftest.c  >&5
clang: warning: argument unused during compilation: '-mssse3' [-Wunused-command-line-argument]
clang: warning: argument unused during compilation: '-mpopcnt' [-Wunused-command-line-argument]
clang: warning: argument unused during compilation: '-msse4.1' [-Wunused-command-line-argument]
In file included from conftest.c:10:
In file included from /Library/Developer/CommandLineTools/usr/lib/clang/12.0.5/include/x86intrin.h:15:
In file included from /Library/Developer/CommandLineTools/usr/lib/clang/12.0.5/include/immintrin.h:15:
/Library/Developer/CommandLineTools/usr/lib/clang/12.0.5/include/mmintrin.h:50:12: error: invalid conversion between vector type '__m64' (vector of 1 'long long' value) and integer type 'int' of different size
    return (__m64)__builtin_ia32_vec_init_v2si(__i, 0);
           ^~~~~~~~~~~~~~~~~~~~~~~~~~~~~~~~~~~~~~~~~~~
/Library/Developer/CommandLineTools/usr/lib/clang/12.0.5/include/mmintrin.h:129:12: error: invalid conversion between vector type '__m64' (vector of 1 'long long' value) and integer type 'int' of different size
    return (__m64)__builtin_ia32_packsswb((__v4hi)__m1, (__v4hi)__m2);
           ^~~~~~~~~~~~~~~~~~~~~~~~~~~~~~~~~~~~~~~~~~~~~~~~~~~~~~~~~~
/Library/Developer/CommandLineTools/usr/lib/clang/12.0.5/include/mmintrin.h:159:12: error: invalid conversion between vector type '__m64' (vector of 1 'long long' value) and integer type 'int' of different size
    return (__m64)__builtin_ia32_packssdw((__v2si)__m1, (__v2si)__m2);
           ^~~~~~~~~~~~~~~~~~~~~~~~~~~~~~~~~~~~~~~~~~~~~~~~~~~~~~~~~~
/Library/Developer/CommandLineTools/usr/lib/clang/12.0.5/include/mmintrin.h:189:12: error: invalid conversion between vector type '__m64' (vector of 1 'long long' value) and integer type 'int' of different size
    return (__m64)__builtin_ia32_packuswb((__v4hi)__m1, (__v4hi)__m2);
           ^~~~~~~~~~~~~~~~~~~~~~~~~~~~~~~~~~~~~~~~~~~~~~~~~~~~~~~~~~
/Library/Developer/CommandLineTools/usr/lib/clang/12.0.5/include/mmintrin.h:216:12: error: invalid conversion between vector type '__m64' (vector of 1 'long long' value) and integer type 'int' of different size
    return (__m64)__builtin_ia32_punpckhbw((__v8qi)__m1, (__v8qi)__m2);
           ^~~~~~~~~~~~~~~~~~~~~~~~~~~~~~~~~~~~~~~~~~~~~~~~~~~~~~~~~~~
/Library/Developer/CommandLineTools/usr/lib/clang/12.0.5/include/mmintrin.h:239:12: error: invalid conversion between vector type '__m64' (vector of 1 'long long' value) and integer type 'int' of different size
    return (__m64)__builtin_ia32_punpckhwd((__v4hi)__m1, (__v4hi)__m2);
           ^~~~~~~~~~~~~~~~~~~~~~~~~~~~~~~~~~~~~~~~~~~~~~~~~~~~~~~~~~~
/Library/Developer/CommandLineTools/usr/lib/clang/12.0.5/include/mmintrin.h:260:12: error: invalid conversion between vector type '__m64' (vector of 1 'long long' value) and integer type 'int' of different size
    return (__m64)__builtin_ia32_punpckhdq((__v2si)__m1, (__v2si)__m2);
           ^~~~~~~~~~~~~~~~~~~~~~~~~~~~~~~~~~~~~~~~~~~~~~~~~~~~~~~~~~~
/Library/Developer/CommandLineTools/usr/lib/clang/12.0.5/include/mmintrin.h:287:12: error: invalid conversion between vector type '__m64' (vector of 1 'long long' value) and integer type 'int' of different size
    return (__m64)__builtin_ia32_punpcklbw((__v8qi)__m1, (__v8qi)__m2);
           ^~~~~~~~~~~~~~~~~~~~~~~~~~~~~~~~~~~~~~~~~~~~~~~~~~~~~~~~~~~
/Library/Developer/CommandLineTools/usr/lib/clang/12.0.5/include/mmintrin.h:310:12: error: invalid conversion between vector type '__m64' (vector of 1 'long long' value) and integer type 'int' of different size
    return (__m64)__builtin_ia32_punpcklwd((__v4hi)__m1, (__v4hi)__m2);
           ^~~~~~~~~~~~~~~~~~~~~~~~~~~~~~~~~~~~~~~~~~~~~~~~~~~~~~~~~~~
/Library/Developer/CommandLineTools/usr/lib/clang/12.0.5/include/mmintrin.h:331:12: error: invalid conversion between vector type '__m64' (vector of 1 'long long' value) and integer type 'int' of different size
    return (__m64)__builtin_ia32_punpckldq((__v2si)__m1, (__v2si)__m2);
           ^~~~~~~~~~~~~~~~~~~~~~~~~~~~~~~~~~~~~~~~~~~~~~~~~~~~~~~~~~~
/Library/Developer/CommandLineTools/usr/lib/clang/12.0.5/include/mmintrin.h:352:12: error: invalid conversion between vector type '__m64' (vector of 1 'long long' value) and integer type 'int' of different size
    return (__m64)__builtin_ia32_paddb((__v8qi)__m1, (__v8qi)__m2);
           ^~~~~~~~~~~~~~~~~~~~~~~~~~~~~~~~~~~~~~~~~~~~~~~~~~~~~~~
/Library/Developer/CommandLineTools/usr/lib/clang/12.0.5/include/mmintrin.h:373:12: error: invalid conversion between vector type '__m64' (vector of 1 'long long' value) and integer type 'int' of different size
    return (__m64)__builtin_ia32_paddw((__v4hi)__m1, (__v4hi)__m2);
           ^~~~~~~~~~~~~~~~~~~~~~~~~~~~~~~~~~~~~~~~~~~~~~~~~~~~~~~
/Library/Developer/CommandLineTools/usr/lib/clang/12.0.5/include/mmintrin.h:394:12: error: invalid conversion between vector type '__m64' (vector of 1 'long long' value) and integer type 'int' of different size
    return (__m64)__builtin_ia32_paddd((__v2si)__m1, (__v2si)__m2);
           ^~~~~~~~~~~~~~~~~~~~~~~~~~~~~~~~~~~~~~~~~~~~~~~~~~~~~~~
/Library/Developer/CommandLineTools/usr/lib/clang/12.0.5/include/mmintrin.h:416:12: error: invalid conversion between vector type '__m64' (vector of 1 'long long' value) and integer type 'int' of different size
    return (__m64)__builtin_ia32_paddsb((__v8qi)__m1, (__v8qi)__m2);
           ^~~~~~~~~~~~~~~~~~~~~~~~~~~~~~~~~~~~~~~~~~~~~~~~~~~~~~~~
/Library/Developer/CommandLineTools/usr/lib/clang/12.0.5/include/mmintrin.h:439:12: error: invalid conversion between vector type '__m64' (vector of 1 'long long' value) and integer type 'int' of different size
    return (__m64)__builtin_ia32_paddsw((__v4hi)__m1, (__v4hi)__m2);
           ^~~~~~~~~~~~~~~~~~~~~~~~~~~~~~~~~~~~~~~~~~~~~~~~~~~~~~~~
/Library/Developer/CommandLineTools/usr/lib/clang/12.0.5/include/mmintrin.h:461:12: error: invalid conversion between vector type '__m64' (vector of 1 'long long' value) and integer type 'int' of different size
    return (__m64)__builtin_ia32_paddusb((__v8qi)__m1, (__v8qi)__m2);
           ^~~~~~~~~~~~~~~~~~~~~~~~~~~~~~~~~~~~~~~~~~~~~~~~~~~~~~~~~
/Library/Developer/CommandLineTools/usr/lib/clang/12.0.5/include/mmintrin.h:483:12: error: invalid conversion between vector type '__m64' (vector of 1 'long long' value) and integer type 'int' of different size
    return (__m64)__builtin_ia32_paddusw((__v4hi)__m1, (__v4hi)__m2);
           ^~~~~~~~~~~~~~~~~~~~~~~~~~~~~~~~~~~~~~~~~~~~~~~~~~~~~~~~~
/Library/Developer/CommandLineTools/usr/lib/clang/12.0.5/include/mmintrin.h:504:12: error: invalid conversion between vector type '__m64' (vector of 1 'long long' value) and integer type 'int' of different size
    return (__m64)__builtin_ia32_psubb((__v8qi)__m1, (__v8qi)__m2);
           ^~~~~~~~~~~~~~~~~~~~~~~~~~~~~~~~~~~~~~~~~~~~~~~~~~~~~~~
/Library/Developer/CommandLineTools/usr/lib/clang/12.0.5/include/mmintrin.h:525:12: error: invalid conversion between vector type '__m64' (vector of 1 'long long' value) and integer type 'int' of different size
    return (__m64)__builtin_ia32_psubw((__v4hi)__m1, (__v4hi)__m2);
           ^~~~~~~~~~~~~~~~~~~~~~~~~~~~~~~~~~~~~~~~~~~~~~~~~~~~~~~
fatal error: too many errors emitted, stopping now [-ferror-limit=]
20 errors generated.
configure:3424: $? = 1
configure: failed program was:
| /* confdefs.h */
| #define PACKAGE_NAME "HTSlib"
| #define PACKAGE_TARNAME "htslib"
| #define PACKAGE_VERSION "1.17"
| #define PACKAGE_STRING "HTSlib 1.17"
| #define PACKAGE_BUGREPORT "samtools-help@lists.sourceforge.net"
| #define PACKAGE_URL "http://www.htslib.org/"
| /* end confdefs.h.  */
| 
|     #include "x86intrin.h"
| 
| int
| main ()
| {
| 
|     unsigned int i = _mm_popcnt_u32(1);
|     __m128i a = _mm_set_epi32(1, 2, 3, i), b = _mm_set_epi32(4, 3, 2, 1);
|     __m128i c = _mm_max_epu32(a, b);
|     b = _mm_shuffle_epi8(a, c);
|     return *((char *) &b);
| 
|   ;
|   return 0;
| }
configure:3433: result: no
configure:3457: checking whether C compiler accepts -mavx2
configure:3483: gcc -o conftest  -Wall -g -O3  -mavx2 -I/Users/ben/quaqc//libs/zlib -L/Users/ben/quaqc//libs/zlib conftest.c  >&5
clang: warning: argument unused during compilation: '-mavx2' [-Wunused-command-line-argument]
In file included from conftest.c:10:
In file included from /Library/Developer/CommandLineTools/usr/lib/clang/12.0.5/include/x86intrin.h:15:
In file included from /Library/Developer/CommandLineTools/usr/lib/clang/12.0.5/include/immintrin.h:15:
/Library/Developer/CommandLineTools/usr/lib/clang/12.0.5/include/mmintrin.h:50:12: error: invalid conversion between vector type '__m64' (vector of 1 'long long' value) and integer type 'int' of different size
    return (__m64)__builtin_ia32_vec_init_v2si(__i, 0);
           ^~~~~~~~~~~~~~~~~~~~~~~~~~~~~~~~~~~~~~~~~~~
/Library/Developer/CommandLineTools/usr/lib/clang/12.0.5/include/mmintrin.h:129:12: error: invalid conversion between vector type '__m64' (vector of 1 'long long' value) and integer type 'int' of different size
    return (__m64)__builtin_ia32_packsswb((__v4hi)__m1, (__v4hi)__m2);
           ^~~~~~~~~~~~~~~~~~~~~~~~~~~~~~~~~~~~~~~~~~~~~~~~~~~~~~~~~~
/Library/Developer/CommandLineTools/usr/lib/clang/12.0.5/include/mmintrin.h:159:12: error: invalid conversion between vector type '__m64' (vector of 1 'long long' value) and integer type 'int' of different size
    return (__m64)__builtin_ia32_packssdw((__v2si)__m1, (__v2si)__m2);
           ^~~~~~~~~~~~~~~~~~~~~~~~~~~~~~~~~~~~~~~~~~~~~~~~~~~~~~~~~~
/Library/Developer/CommandLineTools/usr/lib/clang/12.0.5/include/mmintrin.h:189:12: error: invalid conversion between vector type '__m64' (vector of 1 'long long' value) and integer type 'int' of different size
    return (__m64)__builtin_ia32_packuswb((__v4hi)__m1, (__v4hi)__m2);
           ^~~~~~~~~~~~~~~~~~~~~~~~~~~~~~~~~~~~~~~~~~~~~~~~~~~~~~~~~~
/Library/Developer/CommandLineTools/usr/lib/clang/12.0.5/include/mmintrin.h:216:12: error: invalid conversion between vector type '__m64' (vector of 1 'long long' value) and integer type 'int' of different size
    return (__m64)__builtin_ia32_punpckhbw((__v8qi)__m1, (__v8qi)__m2);
           ^~~~~~~~~~~~~~~~~~~~~~~~~~~~~~~~~~~~~~~~~~~~~~~~~~~~~~~~~~~
/Library/Developer/CommandLineTools/usr/lib/clang/12.0.5/include/mmintrin.h:239:12: error: invalid conversion between vector type '__m64' (vector of 1 'long long' value) and integer type 'int' of different size
    return (__m64)__builtin_ia32_punpckhwd((__v4hi)__m1, (__v4hi)__m2);
           ^~~~~~~~~~~~~~~~~~~~~~~~~~~~~~~~~~~~~~~~~~~~~~~~~~~~~~~~~~~
/Library/Developer/CommandLineTools/usr/lib/clang/12.0.5/include/mmintrin.h:260:12: error: invalid conversion between vector type '__m64' (vector of 1 'long long' value) and integer type 'int' of different size
    return (__m64)__builtin_ia32_punpckhdq((__v2si)__m1, (__v2si)__m2);
           ^~~~~~~~~~~~~~~~~~~~~~~~~~~~~~~~~~~~~~~~~~~~~~~~~~~~~~~~~~~
/Library/Developer/CommandLineTools/usr/lib/clang/12.0.5/include/mmintrin.h:287:12: error: invalid conversion between vector type '__m64' (vector of 1 'long long' value) and integer type 'int' of different size
    return (__m64)__builtin_ia32_punpcklbw((__v8qi)__m1, (__v8qi)__m2);
           ^~~~~~~~~~~~~~~~~~~~~~~~~~~~~~~~~~~~~~~~~~~~~~~~~~~~~~~~~~~
/Library/Developer/CommandLineTools/usr/lib/clang/12.0.5/include/mmintrin.h:310:12: error: invalid conversion between vector type '__m64' (vector of 1 'long long' value) and integer type 'int' of different size
    return (__m64)__builtin_ia32_punpcklwd((__v4hi)__m1, (__v4hi)__m2);
           ^~~~~~~~~~~~~~~~~~~~~~~~~~~~~~~~~~~~~~~~~~~~~~~~~~~~~~~~~~~
/Library/Developer/CommandLineTools/usr/lib/clang/12.0.5/include/mmintrin.h:331:12: error: invalid conversion between vector type '__m64' (vector of 1 'long long' value) and integer type 'int' of different size
    return (__m64)__builtin_ia32_punpckldq((__v2si)__m1, (__v2si)__m2);
           ^~~~~~~~~~~~~~~~~~~~~~~~~~~~~~~~~~~~~~~~~~~~~~~~~~~~~~~~~~~
/Library/Developer/CommandLineTools/usr/lib/clang/12.0.5/include/mmintrin.h:352:12: error: invalid conversion between vector type '__m64' (vector of 1 'long long' value) and integer type 'int' of different size
    return (__m64)__builtin_ia32_paddb((__v8qi)__m1, (__v8qi)__m2);
           ^~~~~~~~~~~~~~~~~~~~~~~~~~~~~~~~~~~~~~~~~~~~~~~~~~~~~~~
/Library/Developer/CommandLineTools/usr/lib/clang/12.0.5/include/mmintrin.h:373:12: error: invalid conversion between vector type '__m64' (vector of 1 'long long' value) and integer type 'int' of different size
    return (__m64)__builtin_ia32_paddw((__v4hi)__m1, (__v4hi)__m2);
           ^~~~~~~~~~~~~~~~~~~~~~~~~~~~~~~~~~~~~~~~~~~~~~~~~~~~~~~
/Library/Developer/CommandLineTools/usr/lib/clang/12.0.5/include/mmintrin.h:394:12: error: invalid conversion between vector type '__m64' (vector of 1 'long long' value) and integer type 'int' of different size
    return (__m64)__builtin_ia32_paddd((__v2si)__m1, (__v2si)__m2);
           ^~~~~~~~~~~~~~~~~~~~~~~~~~~~~~~~~~~~~~~~~~~~~~~~~~~~~~~
/Library/Developer/CommandLineTools/usr/lib/clang/12.0.5/include/mmintrin.h:416:12: error: invalid conversion between vector type '__m64' (vector of 1 'long long' value) and integer type 'int' of different size
    return (__m64)__builtin_ia32_paddsb((__v8qi)__m1, (__v8qi)__m2);
           ^~~~~~~~~~~~~~~~~~~~~~~~~~~~~~~~~~~~~~~~~~~~~~~~~~~~~~~~
/Library/Developer/CommandLineTools/usr/lib/clang/12.0.5/include/mmintrin.h:439:12: error: invalid conversion between vector type '__m64' (vector of 1 'long long' value) and integer type 'int' of different size
    return (__m64)__builtin_ia32_paddsw((__v4hi)__m1, (__v4hi)__m2);
           ^~~~~~~~~~~~~~~~~~~~~~~~~~~~~~~~~~~~~~~~~~~~~~~~~~~~~~~~
/Library/Developer/CommandLineTools/usr/lib/clang/12.0.5/include/mmintrin.h:461:12: error: invalid conversion between vector type '__m64' (vector of 1 'long long' value) and integer type 'int' of different size
    return (__m64)__builtin_ia32_paddusb((__v8qi)__m1, (__v8qi)__m2);
           ^~~~~~~~~~~~~~~~~~~~~~~~~~~~~~~~~~~~~~~~~~~~~~~~~~~~~~~~~
/Library/Developer/CommandLineTools/usr/lib/clang/12.0.5/include/mmintrin.h:483:12: error: invalid conversion between vector type '__m64' (vector of 1 'long long' value) and integer type 'int' of different size
    return (__m64)__builtin_ia32_paddusw((__v4hi)__m1, (__v4hi)__m2);
           ^~~~~~~~~~~~~~~~~~~~~~~~~~~~~~~~~~~~~~~~~~~~~~~~~~~~~~~~~
/Library/Developer/CommandLineTools/usr/lib/clang/12.0.5/include/mmintrin.h:504:12: error: invalid conversion between vector type '__m64' (vector of 1 'long long' value) and integer type 'int' of different size
    return (__m64)__builtin_ia32_psubb((__v8qi)__m1, (__v8qi)__m2);
           ^~~~~~~~~~~~~~~~~~~~~~~~~~~~~~~~~~~~~~~~~~~~~~~~~~~~~~~
/Library/Developer/CommandLineTools/usr/lib/clang/12.0.5/include/mmintrin.h:525:12: error: invalid conversion between vector type '__m64' (vector of 1 'long long' value) and integer type 'int' of different size
    return (__m64)__builtin_ia32_psubw((__v4hi)__m1, (__v4hi)__m2);
           ^~~~~~~~~~~~~~~~~~~~~~~~~~~~~~~~~~~~~~~~~~~~~~~~~~~~~~~
fatal error: too many errors emitted, stopping now [-ferror-limit=]
20 errors generated.
configure:3483: $? = 1
configure: failed program was:
| /* confdefs.h */
| #define PACKAGE_NAME "HTSlib"
| #define PACKAGE_TARNAME "htslib"
| #define PACKAGE_VERSION "1.17"
| #define PACKAGE_STRING "HTSlib 1.17"
| #define PACKAGE_BUGREPORT "samtools-help@lists.sourceforge.net"
| #define PACKAGE_URL "http://www.htslib.org/"
| /* end confdefs.h.  */
| 
|   #include "x86intrin.h"
| 
| int
| main ()
| {
| 
|     __m256i a = _mm256_set_epi32(1, 2, 3, 4, 5, 6, 7, 8);
|     __m256i b = _mm256_add_epi32(a, a);
|     long long c = _mm256_extract_epi64(b, 0);
|     return (int) c;
| 
|   ;
|   return 0;
| }
configure:3492: result: no
configure:3507: checking whether C compiler accepts -mavx512f
configure:3532: gcc -o conftest  -Wall -g -O3  -mavx512f -I/Users/ben/quaqc//libs/zlib -L/Users/ben/quaqc//libs/zlib conftest.c  >&5
clang: warning: argument unused during compilation: '-mavx512f' [-Wunused-command-line-argument]
In file included from conftest.c:10:
In file included from /Library/Developer/CommandLineTools/usr/lib/clang/12.0.5/include/x86intrin.h:15:
In file included from /Library/Developer/CommandLineTools/usr/lib/clang/12.0.5/include/immintrin.h:15:
/Library/Developer/CommandLineTools/usr/lib/clang/12.0.5/include/mmintrin.h:50:12: error: invalid conversion between vector type '__m64' (vector of 1 'long long' value) and integer type 'int' of different size
    return (__m64)__builtin_ia32_vec_init_v2si(__i, 0);
           ^~~~~~~~~~~~~~~~~~~~~~~~~~~~~~~~~~~~~~~~~~~
/Library/Developer/CommandLineTools/usr/lib/clang/12.0.5/include/mmintrin.h:129:12: error: invalid conversion between vector type '__m64' (vector of 1 'long long' value) and integer type 'int' of different size
    return (__m64)__builtin_ia32_packsswb((__v4hi)__m1, (__v4hi)__m2);
           ^~~~~~~~~~~~~~~~~~~~~~~~~~~~~~~~~~~~~~~~~~~~~~~~~~~~~~~~~~
/Library/Developer/CommandLineTools/usr/lib/clang/12.0.5/include/mmintrin.h:159:12: error: invalid conversion between vector type '__m64' (vector of 1 'long long' value) and integer type 'int' of different size
    return (__m64)__builtin_ia32_packssdw((__v2si)__m1, (__v2si)__m2);
           ^~~~~~~~~~~~~~~~~~~~~~~~~~~~~~~~~~~~~~~~~~~~~~~~~~~~~~~~~~
/Library/Developer/CommandLineTools/usr/lib/clang/12.0.5/include/mmintrin.h:189:12: error: invalid conversion between vector type '__m64' (vector of 1 'long long' value) and integer type 'int' of different size
    return (__m64)__builtin_ia32_packuswb((__v4hi)__m1, (__v4hi)__m2);
           ^~~~~~~~~~~~~~~~~~~~~~~~~~~~~~~~~~~~~~~~~~~~~~~~~~~~~~~~~~
/Library/Developer/CommandLineTools/usr/lib/clang/12.0.5/include/mmintrin.h:216:12: error: invalid conversion between vector type '__m64' (vector of 1 'long long' value) and integer type 'int' of different size
    return (__m64)__builtin_ia32_punpckhbw((__v8qi)__m1, (__v8qi)__m2);
           ^~~~~~~~~~~~~~~~~~~~~~~~~~~~~~~~~~~~~~~~~~~~~~~~~~~~~~~~~~~
/Library/Developer/CommandLineTools/usr/lib/clang/12.0.5/include/mmintrin.h:239:12: error: invalid conversion between vector type '__m64' (vector of 1 'long long' value) and integer type 'int' of different size
    return (__m64)__builtin_ia32_punpckhwd((__v4hi)__m1, (__v4hi)__m2);
           ^~~~~~~~~~~~~~~~~~~~~~~~~~~~~~~~~~~~~~~~~~~~~~~~~~~~~~~~~~~
/Library/Developer/CommandLineTools/usr/lib/clang/12.0.5/include/mmintrin.h:260:12: error: invalid conversion between vector type '__m64' (vector of 1 'long long' value) and integer type 'int' of different size
    return (__m64)__builtin_ia32_punpckhdq((__v2si)__m1, (__v2si)__m2);
           ^~~~~~~~~~~~~~~~~~~~~~~~~~~~~~~~~~~~~~~~~~~~~~~~~~~~~~~~~~~
/Library/Developer/CommandLineTools/usr/lib/clang/12.0.5/include/mmintrin.h:287:12: error: invalid conversion between vector type '__m64' (vector of 1 'long long' value) and integer type 'int' of different size
    return (__m64)__builtin_ia32_punpcklbw((__v8qi)__m1, (__v8qi)__m2);
           ^~~~~~~~~~~~~~~~~~~~~~~~~~~~~~~~~~~~~~~~~~~~~~~~~~~~~~~~~~~
/Library/Developer/CommandLineTools/usr/lib/clang/12.0.5/include/mmintrin.h:310:12: error: invalid conversion between vector type '__m64' (vector of 1 'long long' value) and integer type 'int' of different size
    return (__m64)__builtin_ia32_punpcklwd((__v4hi)__m1, (__v4hi)__m2);
           ^~~~~~~~~~~~~~~~~~~~~~~~~~~~~~~~~~~~~~~~~~~~~~~~~~~~~~~~~~~
/Library/Developer/CommandLineTools/usr/lib/clang/12.0.5/include/mmintrin.h:331:12: error: invalid conversion between vector type '__m64' (vector of 1 'long long' value) and integer type 'int' of different size
    return (__m64)__builtin_ia32_punpckldq((__v2si)__m1, (__v2si)__m2);
           ^~~~~~~~~~~~~~~~~~~~~~~~~~~~~~~~~~~~~~~~~~~~~~~~~~~~~~~~~~~
/Library/Developer/CommandLineTools/usr/lib/clang/12.0.5/include/mmintrin.h:352:12: error: invalid conversion between vector type '__m64' (vector of 1 'long long' value) and integer type 'int' of different size
    return (__m64)__builtin_ia32_paddb((__v8qi)__m1, (__v8qi)__m2);
           ^~~~~~~~~~~~~~~~~~~~~~~~~~~~~~~~~~~~~~~~~~~~~~~~~~~~~~~
/Library/Developer/CommandLineTools/usr/lib/clang/12.0.5/include/mmintrin.h:373:12: error: invalid conversion between vector type '__m64' (vector of 1 'long long' value) and integer type 'int' of different size
    return (__m64)__builtin_ia32_paddw((__v4hi)__m1, (__v4hi)__m2);
           ^~~~~~~~~~~~~~~~~~~~~~~~~~~~~~~~~~~~~~~~~~~~~~~~~~~~~~~
/Library/Developer/CommandLineTools/usr/lib/clang/12.0.5/include/mmintrin.h:394:12: error: invalid conversion between vector type '__m64' (vector of 1 'long long' value) and integer type 'int' of different size
    return (__m64)__builtin_ia32_paddd((__v2si)__m1, (__v2si)__m2);
           ^~~~~~~~~~~~~~~~~~~~~~~~~~~~~~~~~~~~~~~~~~~~~~~~~~~~~~~
/Library/Developer/CommandLineTools/usr/lib/clang/12.0.5/include/mmintrin.h:416:12: error: invalid conversion between vector type '__m64' (vector of 1 'long long' value) and integer type 'int' of different size
    return (__m64)__builtin_ia32_paddsb((__v8qi)__m1, (__v8qi)__m2);
           ^~~~~~~~~~~~~~~~~~~~~~~~~~~~~~~~~~~~~~~~~~~~~~~~~~~~~~~~
/Library/Developer/CommandLineTools/usr/lib/clang/12.0.5/include/mmintrin.h:439:12: error: invalid conversion between vector type '__m64' (vector of 1 'long long' value) and integer type 'int' of different size
    return (__m64)__builtin_ia32_paddsw((__v4hi)__m1, (__v4hi)__m2);
           ^~~~~~~~~~~~~~~~~~~~~~~~~~~~~~~~~~~~~~~~~~~~~~~~~~~~~~~~
/Library/Developer/CommandLineTools/usr/lib/clang/12.0.5/include/mmintrin.h:461:12: error: invalid conversion between vector type '__m64' (vector of 1 'long long' value) and integer type 'int' of different size
    return (__m64)__builtin_ia32_paddusb((__v8qi)__m1, (__v8qi)__m2);
           ^~~~~~~~~~~~~~~~~~~~~~~~~~~~~~~~~~~~~~~~~~~~~~~~~~~~~~~~~
/Library/Developer/CommandLineTools/usr/lib/clang/12.0.5/include/mmintrin.h:483:12: error: invalid conversion between vector type '__m64' (vector of 1 'long long' value) and integer type 'int' of different size
    return (__m64)__builtin_ia32_paddusw((__v4hi)__m1, (__v4hi)__m2);
           ^~~~~~~~~~~~~~~~~~~~~~~~~~~~~~~~~~~~~~~~~~~~~~~~~~~~~~~~~
/Library/Developer/CommandLineTools/usr/lib/clang/12.0.5/include/mmintrin.h:504:12: error: invalid conversion between vector type '__m64' (vector of 1 'long long' value) and integer type 'int' of different size
    return (__m64)__builtin_ia32_psubb((__v8qi)__m1, (__v8qi)__m2);
           ^~~~~~~~~~~~~~~~~~~~~~~~~~~~~~~~~~~~~~~~~~~~~~~~~~~~~~~
/Library/Developer/CommandLineTools/usr/lib/clang/12.0.5/include/mmintrin.h:525:12: error: invalid conversion between vector type '__m64' (vector of 1 'long long' value) and integer type 'int' of different size
    return (__m64)__builtin_ia32_psubw((__v4hi)__m1, (__v4hi)__m2);
           ^~~~~~~~~~~~~~~~~~~~~~~~~~~~~~~~~~~~~~~~~~~~~~~~~~~~~~~
fatal error: too many errors emitted, stopping now [-ferror-limit=]
20 errors generated.
configure:3532: $? = 1
configure: failed program was:
| /* confdefs.h */
| #define PACKAGE_NAME "HTSlib"
| #define PACKAGE_TARNAME "htslib"
| #define PACKAGE_VERSION "1.17"
| #define PACKAGE_STRING "HTSlib 1.17"
| #define PACKAGE_BUGREPORT "samtools-help@lists.sourceforge.net"
| #define PACKAGE_URL "http://www.htslib.org/"
| /* end confdefs.h.  */
| 
|     #include "x86intrin.h"
| 
| int
| main ()
| {
| 
|     __m512i a = _mm512_set1_epi32(1);
|     __m512i b = _mm512_add_epi32(a, a);
|     return *((char *) &b);
| 
|   ;
|   return 0;
| }
configure:3541: result: no
configure:3556: checking whether C compiler supports ARM Neon
configure:3580: gcc -c  -Wall -g -O3 -I/Users/ben/quaqc//libs/zlib conftest.c >&5
configure:3580: $? = 0
configure:3587: result: yes
configure:3649: checking for pkg-config
configure:3667: found /opt/homebrew/bin/pkg-config
configure:3679: result: /opt/homebrew/bin/pkg-config
configure:3704: checking pkg-config is at least version 0.9.0
configure:3707: result: yes
configure:3753: checking for special C compiler options needed for large files
configure:3798: result: no
configure:3804: checking for _FILE_OFFSET_BITS value needed for large files
configure:3829: gcc -c  -Wall -g -O3 -I/Users/ben/quaqc//libs/zlib conftest.c >&5
configure:3829: $? = 0
configure:3861: result: no
configure:4037: checking shared library type for unknown-Darwin
configure:4065: result: Darwin dylib
configure:4116: checking whether the compiler accepts -fvisibility=hidden
configure:4136: gcc -o conftest  -Wall -g -O3 -fvisibility=hidden -I/Users/ben/quaqc//libs/zlib -L/Users/ben/quaqc//libs/zlib -fvisibility=hidden conftest.c  >&5
configure:4136: $? = 0
configure:4149: result: yes
configure:4203: checking how to run the C preprocessor
configure:4234: gcc -E -I/Users/ben/quaqc//libs/zlib conftest.c
configure:4234: $? = 0
configure:4248: gcc -E -I/Users/ben/quaqc//libs/zlib conftest.c
conftest.c:9:10: fatal error: 'ac_nonexistent.h' file not found
#include <ac_nonexistent.h>
         ^~~~~~~~~~~~~~~~~~
1 error generated.
configure:4248: $? = 1
configure: failed program was:
| /* confdefs.h */
| #define PACKAGE_NAME "HTSlib"
| #define PACKAGE_TARNAME "htslib"
| #define PACKAGE_VERSION "1.17"
| #define PACKAGE_STRING "HTSlib 1.17"
| #define PACKAGE_BUGREPORT "samtools-help@lists.sourceforge.net"
| #define PACKAGE_URL "http://www.htslib.org/"
| /* end confdefs.h.  */
| #include <ac_nonexistent.h>
configure:4273: result: gcc -E
configure:4293: gcc -E -I/Users/ben/quaqc//libs/zlib conftest.c
configure:4293: $? = 0
configure:4307: gcc -E -I/Users/ben/quaqc//libs/zlib conftest.c
conftest.c:9:10: fatal error: 'ac_nonexistent.h' file not found
#include <ac_nonexistent.h>
         ^~~~~~~~~~~~~~~~~~
1 error generated.
configure:4307: $? = 1
configure: failed program was:
| /* confdefs.h */
| #define PACKAGE_NAME "HTSlib"
| #define PACKAGE_TARNAME "htslib"
| #define PACKAGE_VERSION "1.17"
| #define PACKAGE_STRING "HTSlib 1.17"
| #define PACKAGE_BUGREPORT "samtools-help@lists.sourceforge.net"
| #define PACKAGE_URL "http://www.htslib.org/"
| /* end confdefs.h.  */
| #include <ac_nonexistent.h>
configure:4336: checking for egrep
configure:4398: result: /usr/bin/grep -E
configure:4403: checking for ANSI C header files
configure:4423: gcc -c  -Wall -g -O3 -fvisibility=hidden -I/Users/ben/quaqc//libs/zlib conftest.c >&5
configure:4423: $? = 0
configure:4496: gcc -o conftest  -Wall -g -O3 -fvisibility=hidden -I/Users/ben/quaqc//libs/zlib -L/Users/ben/quaqc//libs/zlib -fvisibility=hidden conftest.c  >&5
configure:4496: $? = 0
configure:4496: ./conftest
configure:4496: $? = 0
configure:4507: result: yes
configure:4520: checking for sys/types.h
configure:4520: gcc -c  -Wall -g -O3 -fvisibility=hidden -I/Users/ben/quaqc//libs/zlib conftest.c >&5
configure:4520: $? = 0
configure:4520: result: yes
configure:4520: checking for sys/stat.h
configure:4520: gcc -c  -Wall -g -O3 -fvisibility=hidden -I/Users/ben/quaqc//libs/zlib conftest.c >&5
configure:4520: $? = 0
configure:4520: result: yes
configure:4520: checking for stdlib.h
configure:4520: gcc -c  -Wall -g -O3 -fvisibility=hidden -I/Users/ben/quaqc//libs/zlib conftest.c >&5
configure:4520: $? = 0
configure:4520: result: yes
configure:4520: checking for string.h
configure:4520: gcc -c  -Wall -g -O3 -fvisibility=hidden -I/Users/ben/quaqc//libs/zlib conftest.c >&5
configure:4520: $? = 0
configure:4520: result: yes
configure:4520: checking for memory.h
configure:4520: gcc -c  -Wall -g -O3 -fvisibility=hidden -I/Users/ben/quaqc//libs/zlib conftest.c >&5
configure:4520: $? = 0
configure:4520: result: yes
configure:4520: checking for strings.h
configure:4520: gcc -c  -Wall -g -O3 -fvisibility=hidden -I/Users/ben/quaqc//libs/zlib conftest.c >&5
configure:4520: $? = 0
configure:4520: result: yes
configure:4520: checking for inttypes.h
configure:4520: gcc -c  -Wall -g -O3 -fvisibility=hidden -I/Users/ben/quaqc//libs/zlib conftest.c >&5
configure:4520: $? = 0
configure:4520: result: yes
configure:4520: checking for stdint.h
configure:4520: gcc -c  -Wall -g -O3 -fvisibility=hidden -I/Users/ben/quaqc//libs/zlib conftest.c >&5
configure:4520: $? = 0
configure:4520: result: yes
configure:4520: checking for unistd.h
configure:4520: gcc -c  -Wall -g -O3 -fvisibility=hidden -I/Users/ben/quaqc//libs/zlib conftest.c >&5
configure:4520: $? = 0
configure:4520: result: yes
configure:4538: checking for stdlib.h
configure:4538: result: yes
configure:4538: checking for unistd.h
configure:4538: result: yes
configure:4538: checking for sys/param.h
configure:4538: gcc -c  -Wall -g -O3 -fvisibility=hidden -I/Users/ben/quaqc//libs/zlib conftest.c >&5
configure:4538: $? = 0
configure:4538: result: yes
configure:4558: checking for getpagesize
configure:4558: gcc -o conftest  -Wall -g -O3 -fvisibility=hidden -I/Users/ben/quaqc//libs/zlib -L/Users/ben/quaqc//libs/zlib -fvisibility=hidden conftest.c  >&5
configure:4558: $? = 0
configure:4558: result: yes
configure:4567: checking for working mmap
configure:4716: gcc -o conftest  -Wall -g -O3 -fvisibility=hidden -I/Users/ben/quaqc//libs/zlib -L/Users/ben/quaqc//libs/zlib -fvisibility=hidden conftest.c  >&5
configure:4716: $? = 0
configure:4716: ./conftest
configure:4716: $? = 0
configure:4726: result: yes
configure:4738: checking for gmtime_r
configure:4738: gcc -o conftest  -Wall -g -O3 -fvisibility=hidden -I/Users/ben/quaqc//libs/zlib -L/Users/ben/quaqc//libs/zlib -fvisibility=hidden conftest.c  >&5
configure:4738: $? = 0
configure:4738: result: yes
configure:4738: checking for fsync
configure:4738: gcc -o conftest  -Wall -g -O3 -fvisibility=hidden -I/Users/ben/quaqc//libs/zlib -L/Users/ben/quaqc//libs/zlib -fvisibility=hidden conftest.c  >&5
configure:4738: $? = 0
configure:4738: result: yes
configure:4738: checking for drand48
configure:4738: gcc -o conftest  -Wall -g -O3 -fvisibility=hidden -I/Users/ben/quaqc//libs/zlib -L/Users/ben/quaqc//libs/zlib -fvisibility=hidden conftest.c  >&5
configure:4738: $? = 0
configure:4738: result: yes
configure:4738: checking for srand48_deterministic
configure:4738: gcc -o conftest  -Wall -g -O3 -fvisibility=hidden -I/Users/ben/quaqc//libs/zlib -L/Users/ben/quaqc//libs/zlib -fvisibility=hidden conftest.c  >&5
Undefined symbols for architecture arm64:
  "_srand48_deterministic", referenced from:
      _main in conftest-4030cb.o
ld: symbol(s) not found for architecture arm64
clang: error: linker command failed with exit code 1 (use -v to see invocation)
configure:4738: $? = 1
configure: failed program was:
| /* confdefs.h */
| #define PACKAGE_NAME "HTSlib"
| #define PACKAGE_TARNAME "htslib"
| #define PACKAGE_VERSION "1.17"
| #define PACKAGE_STRING "HTSlib 1.17"
| #define PACKAGE_BUGREPORT "samtools-help@lists.sourceforge.net"
| #define PACKAGE_URL "http://www.htslib.org/"
| #define STDC_HEADERS 1
| #define HAVE_SYS_TYPES_H 1
| #define HAVE_SYS_STAT_H 1
| #define HAVE_STDLIB_H 1
| #define HAVE_STRING_H 1
| #define HAVE_MEMORY_H 1
| #define HAVE_STRINGS_H 1
| #define HAVE_INTTYPES_H 1
| #define HAVE_STDINT_H 1
| #define HAVE_UNISTD_H 1
| #define HAVE_STDLIB_H 1
| #define HAVE_UNISTD_H 1
| #define HAVE_SYS_PARAM_H 1
| #define HAVE_GETPAGESIZE 1
| #define HAVE_MMAP 1
| #define HAVE_GMTIME_R 1
| #define HAVE_FSYNC 1
| #define HAVE_DRAND48 1
| /* end confdefs.h.  */
| /* Define srand48_deterministic to an innocuous variant, in case <limits.h> declares srand48_deterministic.
|    For example, HP-UX 11i <limits.h> declares gettimeofday.  */
| #define srand48_deterministic innocuous_srand48_deterministic
| 
| /* System header to define __stub macros and hopefully few prototypes,
|     which can conflict with char srand48_deterministic (); below.
|     Prefer <limits.h> to <assert.h> if __STDC__ is defined, since
|     <limits.h> exists even on freestanding compilers.  */
| 
| #ifdef __STDC__
| # include <limits.h>
| #else
| # include <assert.h>
| #endif
| 
| #undef srand48_deterministic
| 
| /* Override any GCC internal prototype to avoid an error.
|    Use char because int might match the return type of a GCC
|    builtin and then its argument prototype would still apply.  */
| #ifdef __cplusplus
| extern "C"
| #endif
| char srand48_deterministic ();
| /* The GNU C library defines this for functions which it implements
|     to always fail with ENOSYS.  Some functions are actually named
|     something starting with __ and the normal name is an alias.  */
| #if defined __stub_srand48_deterministic || defined __stub___srand48_deterministic
| choke me
| #endif
| 
| int
| main ()
| {
| return srand48_deterministic ();
|   ;
|   return 0;
| }
configure:4738: result: no
configure:4750: checking whether fdatasync is declared
configure:4750: gcc -c  -Wall -g -O3 -fvisibility=hidden -I/Users/ben/quaqc//libs/zlib conftest.c >&5
conftest.c:67:10: error: use of undeclared identifier 'fdatasync'
  (void) fdatasync;
         ^
1 error generated.
configure:4750: $? = 1
configure: failed program was:
| /* confdefs.h */
| #define PACKAGE_NAME "HTSlib"
| #define PACKAGE_TARNAME "htslib"
| #define PACKAGE_VERSION "1.17"
| #define PACKAGE_STRING "HTSlib 1.17"
| #define PACKAGE_BUGREPORT "samtools-help@lists.sourceforge.net"
| #define PACKAGE_URL "http://www.htslib.org/"
| #define STDC_HEADERS 1
| #define HAVE_SYS_TYPES_H 1
| #define HAVE_SYS_STAT_H 1
| #define HAVE_STDLIB_H 1
| #define HAVE_STRING_H 1
| #define HAVE_MEMORY_H 1
| #define HAVE_STRINGS_H 1
| #define HAVE_INTTYPES_H 1
| #define HAVE_STDINT_H 1
| #define HAVE_UNISTD_H 1
| #define HAVE_STDLIB_H 1
| #define HAVE_UNISTD_H 1
| #define HAVE_SYS_PARAM_H 1
| #define HAVE_GETPAGESIZE 1
| #define HAVE_MMAP 1
| #define HAVE_GMTIME_R 1
| #define HAVE_FSYNC 1
| #define HAVE_DRAND48 1
| /* end confdefs.h.  */
| #include <stdio.h>
| #ifdef HAVE_SYS_TYPES_H
| # include <sys/types.h>
| #endif
| #ifdef HAVE_SYS_STAT_H
| # include <sys/stat.h>
| #endif
| #ifdef STDC_HEADERS
| # include <stdlib.h>
| # include <stddef.h>
| #else
| # ifdef HAVE_STDLIB_H
| #  include <stdlib.h>
| # endif
| #endif
| #ifdef HAVE_STRING_H
| # if !defined STDC_HEADERS && defined HAVE_MEMORY_H
| #  include <memory.h>
| # endif
| # include <string.h>
| #endif
| #ifdef HAVE_STRINGS_H
| # include <strings.h>
| #endif
| #ifdef HAVE_INTTYPES_H
| # include <inttypes.h>
| #endif
| #ifdef HAVE_STDINT_H
| # include <stdint.h>
| #endif
| #ifdef HAVE_UNISTD_H
| # include <unistd.h>
| #endif
| int
| main ()
| {
| #ifndef fdatasync
| #ifdef __cplusplus
|   (void) fdatasync((int) 0);
| #else
|   (void) fdatasync;
| #endif
| #endif
| 
|   ;
|   return 0;
| }
configure:4750: result: no
configure:4889: checking for library containing log
configure:4920: gcc -o conftest  -Wall -g -O3 -fvisibility=hidden -I/Users/ben/quaqc//libs/zlib -L/Users/ben/quaqc//libs/zlib -fvisibility=hidden conftest.c  >&5
conftest.c:34:6: warning: incompatible redeclaration of library function 'log' [-Wincompatible-library-redeclaration]
char log ();
     ^
conftest.c:34:6: note: 'log' is a builtin with type 'double (double)'
1 warning generated.
configure:4920: $? = 0
configure:4937: result: none required
configure:4957: checking for zlib.h
configure:4957: gcc -c  -Wall -g -O3 -fvisibility=hidden -I/Users/ben/quaqc//libs/zlib conftest.c >&5
configure:4957: $? = 0
configure:4957: result: yes
configure:4966: checking for inflate in -lz
configure:4991: gcc -o conftest  -Wall -g -O3 -fvisibility=hidden -I/Users/ben/quaqc//libs/zlib -L/Users/ben/quaqc//libs/zlib -fvisibility=hidden conftest.c -lz   >&5
configure:4991: $? = 0
configure:5000: result: yes
configure:5031: checking for library containing recv
configure:5062: gcc -o conftest  -Wall -g -O3 -fvisibility=hidden -I/Users/ben/quaqc//libs/zlib -L/Users/ben/quaqc//libs/zlib -fvisibility=hidden conftest.c -lz  >&5
configure:5062: $? = 0
configure:5079: result: none required
configure:5372: checking whether htscodecs files are present
configure:5375: result: yes
configure:5413: checking for libdeflate.h
configure:5413: gcc -c  -Wall -g -O3 -fvisibility=hidden -I/Users/ben/quaqc//libs/zlib conftest.c >&5
conftest.c:30:10: fatal error: 'libdeflate.h' file not found
#include <libdeflate.h>
         ^~~~~~~~~~~~~~
1 error generated.
configure:5413: $? = 1
configure: failed program was:
| /* confdefs.h */
| #define PACKAGE_NAME "HTSlib"
| #define PACKAGE_TARNAME "htslib"
| #define PACKAGE_VERSION "1.17"
| #define PACKAGE_STRING "HTSlib 1.17"
| #define PACKAGE_BUGREPORT "samtools-help@lists.sourceforge.net"
| #define PACKAGE_URL "http://www.htslib.org/"
| #define STDC_HEADERS 1
| #define HAVE_SYS_TYPES_H 1
| #define HAVE_SYS_STAT_H 1
| #define HAVE_STDLIB_H 1
| #define HAVE_STRING_H 1
| #define HAVE_MEMORY_H 1
| #define HAVE_STRINGS_H 1
| #define HAVE_INTTYPES_H 1
| #define HAVE_STDINT_H 1
| #define HAVE_UNISTD_H 1
| #define HAVE_STDLIB_H 1
| #define HAVE_UNISTD_H 1
| #define HAVE_SYS_PARAM_H 1
| #define HAVE_GETPAGESIZE 1
| #define HAVE_MMAP 1
| #define HAVE_GMTIME_R 1
| #define HAVE_FSYNC 1
| #define HAVE_DRAND48 1
| #define HAVE_LIBZ 1
| /* end confdefs.h.  */
| ;
| 
| #include <libdeflate.h>
configure:5413: result: no
configure:5422: checking for libdeflate_deflate_compress in -ldeflate
configure:5447: gcc -o conftest  -Wall -g -O3 -fvisibility=hidden -I/Users/ben/quaqc//libs/zlib -L/Users/ben/quaqc//libs/zlib -fvisibility=hidden conftest.c -ldeflate  -lz  >&5
ld: library not found for -ldeflate
clang: error: linker command failed with exit code 1 (use -v to see invocation)
configure:5447: $? = 1
configure: failed program was:
| /* confdefs.h */
| #define PACKAGE_NAME "HTSlib"
| #define PACKAGE_TARNAME "htslib"
| #define PACKAGE_VERSION "1.17"
| #define PACKAGE_STRING "HTSlib 1.17"
| #define PACKAGE_BUGREPORT "samtools-help@lists.sourceforge.net"
| #define PACKAGE_URL "http://www.htslib.org/"
| #define STDC_HEADERS 1
| #define HAVE_SYS_TYPES_H 1
| #define HAVE_SYS_STAT_H 1
| #define HAVE_STDLIB_H 1
| #define HAVE_STRING_H 1
| #define HAVE_MEMORY_H 1
| #define HAVE_STRINGS_H 1
| #define HAVE_INTTYPES_H 1
| #define HAVE_STDINT_H 1
| #define HAVE_UNISTD_H 1
| #define HAVE_STDLIB_H 1
| #define HAVE_UNISTD_H 1
| #define HAVE_SYS_PARAM_H 1
| #define HAVE_GETPAGESIZE 1
| #define HAVE_MMAP 1
| #define HAVE_GMTIME_R 1
| #define HAVE_FSYNC 1
| #define HAVE_DRAND48 1
| #define HAVE_LIBZ 1
| /* end confdefs.h.  */
| 
| /* Override any GCC internal prototype to avoid an error.
|    Use char because int might match the return type of a GCC
|    builtin and then its argument prototype would still apply.  */
| #ifdef __cplusplus
| extern "C"
| #endif
| char libdeflate_deflate_compress ();
| int
| main ()
| {
| return libdeflate_deflate_compress ();
|   ;
|   return 0;
| }
configure:5456: result: no
configure:5631: WARNING: GCS support not enabled: requires libcurl support
configure:5655: WARNING: S3 support not enabled: requires libcurl support
configure:5770: checking for library containing regcomp
configure:5801: gcc -o conftest  -Wall -g -O3 -fvisibility=hidden -I/Users/ben/quaqc//libs/zlib -L/Users/ben/quaqc//libs/zlib -fvisibility=hidden conftest.c -lz  >&5
configure:5801: $? = 0
configure:5818: result: none required
configure:5827: checking whether PTHREAD_MUTEX_RECURSIVE is declared
configure:5827: gcc -c  -Wall -g -O3 -fvisibility=hidden -I/Users/ben/quaqc//libs/zlib conftest.c >&5
configure:5827: $? = 0
configure:5827: result: yes
configure:5993: creating ./config.status

## ---------------------- ##
## Running config.status. ##
## ---------------------- ##

This file was extended by HTSlib config.status 1.17, which was
generated by GNU Autoconf 2.69.  Invocation command line was

  CONFIG_FILES    = 
  CONFIG_HEADERS  = 
  CONFIG_LINKS    = 
  CONFIG_COMMANDS = 
  $ ./config.status 

on BenM1.local

config.status:848: creating config.mk
config.status:848: creating htslib.pc.tmp
config.status:848: creating config.h
config.status:1018: config.h is unchanged
config.status:1044: linking htscodecs_bundled.mk to htscodecs.mk

## ---------------- ##
## Cache variables. ##
## ---------------- ##

ac_cv_c_compiler_gnu=yes
ac_cv_env_CC_set=
ac_cv_env_CC_value=
ac_cv_env_CFLAGS_set=
ac_cv_env_CFLAGS_value=
ac_cv_env_CPPFLAGS_set=set
ac_cv_env_CPPFLAGS_value=-I/Users/ben/quaqc//libs/zlib
ac_cv_env_CPP_set=
ac_cv_env_CPP_value=
ac_cv_env_LDFLAGS_set=set
ac_cv_env_LDFLAGS_value=-L/Users/ben/quaqc//libs/zlib
ac_cv_env_LIBS_set=
ac_cv_env_LIBS_value=
ac_cv_env_PKG_CONFIG_LIBDIR_set=
ac_cv_env_PKG_CONFIG_LIBDIR_value=
ac_cv_env_PKG_CONFIG_PATH_set=set
ac_cv_env_PKG_CONFIG_PATH_value=/opt/homebrew/opt/openblas/lib/pkgconfig
ac_cv_env_PKG_CONFIG_set=
ac_cv_env_PKG_CONFIG_value=
ac_cv_env_build_alias_set=
ac_cv_env_build_alias_value=
ac_cv_env_host_alias_set=
ac_cv_env_host_alias_value=
ac_cv_env_target_alias_set=
ac_cv_env_target_alias_value=
ac_cv_func_drand48=yes
ac_cv_func_fsync=yes
ac_cv_func_getpagesize=yes
ac_cv_func_gmtime_r=yes
ac_cv_func_mmap_fixed_mapped=yes
ac_cv_func_srand48_deterministic=no
ac_cv_have_decl_PTHREAD_MUTEX_RECURSIVE=yes
ac_cv_have_decl_fdatasync_int_=no
ac_cv_header_inttypes_h=yes
ac_cv_header_libdeflate_h=no
ac_cv_header_memory_h=yes
ac_cv_header_stdc=yes
ac_cv_header_stdint_h=yes
ac_cv_header_stdlib_h=yes
ac_cv_header_string_h=yes
ac_cv_header_strings_h=yes
ac_cv_header_sys_param_h=yes
ac_cv_header_sys_stat_h=yes
ac_cv_header_sys_types_h=yes
ac_cv_header_unistd_h=yes
ac_cv_header_zlib_h=yes
ac_cv_lib_deflate_libdeflate_deflate_compress=no
ac_cv_lib_z_inflate=yes
ac_cv_objext=o
ac_cv_path_EGREP='/usr/bin/grep -E'
ac_cv_path_GREP=/usr/bin/grep
ac_cv_path_ac_pt_PKG_CONFIG=/opt/homebrew/bin/pkg-config
ac_cv_prog_CPP='gcc -E'
ac_cv_prog_ac_ct_CC=gcc
ac_cv_prog_ac_ct_RANLIB=ranlib
ac_cv_prog_cc_c89=
ac_cv_prog_cc_g=yes
ac_cv_search_log='none required'
ac_cv_search_recv='none required'
ac_cv_search_regcomp='none required'
ac_cv_sys_file_offset_bits=no
ac_cv_sys_largefile_CC=no
ax_cv_check_cflags___mavx2=no
ax_cv_check_cflags___mavx512f=no
ax_cv_check_cflags___mssse3__mpopcnt__msse4_1=no
hts_cv_check__fvisibility_hidden=yes
hts_cv_have_neon=yes
hts_cv_prog_cc_warnings=-Wall

## ----------------- ##
## Output variables. ##
## ----------------- ##

CC='gcc'
CFLAGS=' -Wall -g -O3 -fvisibility=hidden'
CPP='gcc -E'
CPPFLAGS='-I/Users/ben/quaqc//libs/zlib'
CRYPTO_LIBS=''
DEFS='-DHAVE_CONFIG_H'
ECHO_C='\c'
ECHO_N=''
ECHO_T=''
EGREP='/usr/bin/grep -E'
EXEEXT=''
GREP='/usr/bin/grep'
HTSDIRslash_if_relsrcdir='$(HTSDIR)/'
LDFLAGS='-L/Users/ben/quaqc//libs/zlib -fvisibility=hidden'
LIBOBJS=''
LIBS='-lz '
LTLIBOBJS=''
OBJEXT='o'
PACKAGE_BUGREPORT='samtools-help@lists.sourceforge.net'
PACKAGE_NAME='HTSlib'
PACKAGE_STRING='HTSlib 1.17'
PACKAGE_TARNAME='htslib'
PACKAGE_URL='http://www.htslib.org/'
PACKAGE_VERSION='1.17'
PATH_SEPARATOR=':'
PKG_CONFIG='/opt/homebrew/bin/pkg-config'
PKG_CONFIG_LIBDIR=''
PKG_CONFIG_PATH='/opt/homebrew/opt/openblas/lib/pkgconfig'
PLATFORM='Darwin'
PLUGIN_EXT='.bundle'
RANLIB='ranlib'
SHELL='/bin/sh'
VERSION_SCRIPT_LDFLAGS=''
ac_ct_CC='gcc'
bindir='${exec_prefix}/bin'
build_alias=''
datadir='${datarootdir}'
datarootdir='${prefix}/share'
docdir='${datarootdir}/doc/${PACKAGE_TARNAME}'
dvidir='${docdir}'
enable_plugins='no'
exec_prefix='${prefix}'
gcs='disabled'
host_alias=''
htmldir='${docdir}'
hts_cflags_avx2=''
hts_cflags_avx512=''
hts_cflags_sse4=''
hts_have_neon='yes'
includedir='${prefix}/include'
infodir='${datarootdir}/info'
libcurl='disabled'
libdir='${exec_prefix}/lib'
libexecdir='${exec_prefix}/libexec'
localedir='${datarootdir}/locale'
localstatedir='${prefix}/var'
mandir='${datarootdir}/man'
oldincludedir='/usr/include'
pc_requires=''
pdfdir='${docdir}'
plugindir='$(libexecdir)/htslib'
pluginpath='$(libexecdir)/htslib'
prefix='/usr/local'
private_LIBS='-L/Users/ben/quaqc//libs/zlib'
program_transform_name='s,x,x,'
psdir='${docdir}'
runstatedir='${localstatedir}/run'
s3='disabled'
sbindir='${exec_prefix}/sbin'
sharedstatedir='${prefix}/com'
static_LDFLAGS='-L/Users/ben/quaqc//libs/zlib'
static_LIBS='-lpthread -lz -lm'
sysconfdir='${prefix}/etc'
target_alias=''
with_external_htscodecs='no'

## ----------- ##
## confdefs.h. ##
## ----------- ##

/* confdefs.h */
#define PACKAGE_NAME "HTSlib"
#define PACKAGE_TARNAME "htslib"
#define PACKAGE_VERSION "1.17"
#define PACKAGE_STRING "HTSlib 1.17"
#define PACKAGE_BUGREPORT "samtools-help@lists.sourceforge.net"
#define PACKAGE_URL "http://www.htslib.org/"
#define STDC_HEADERS 1
#define HAVE_SYS_TYPES_H 1
#define HAVE_SYS_STAT_H 1
#define HAVE_STDLIB_H 1
#define HAVE_STRING_H 1
#define HAVE_MEMORY_H 1
#define HAVE_STRINGS_H 1
#define HAVE_INTTYPES_H 1
#define HAVE_STDINT_H 1
#define HAVE_UNISTD_H 1
#define HAVE_STDLIB_H 1
#define HAVE_UNISTD_H 1
#define HAVE_SYS_PARAM_H 1
#define HAVE_GETPAGESIZE 1
#define HAVE_MMAP 1
#define HAVE_GMTIME_R 1
#define HAVE_FSYNC 1
#define HAVE_DRAND48 1
#define HAVE_LIBZ 1

configure: exit 0
